2025-03-03 13:52:32,389 - scrapy.utils.log - INFO - Scrapy 2.12.0 started (bot: scrapybot)
2025-03-03 13:52:32,390 - scrapy.utils.log - INFO - Versions: lxml 5.3.1.0, libxml2 2.12.9, cssselect 1.2.0, parsel 1.10.0, w3lib 2.3.1, Twisted 24.11.0, Python 3.10.0 (default, Nov  8 2024, 08:36:15) [GCC 12.2.0], pyOpenSSL 25.0.0 (OpenSSL 3.4.1 11 Feb 2025), cryptography 44.0.2, Platform Linux-6.11+parrot-amd64-x86_64-with-glibc2.36
2025-03-03 13:52:32,391 - scrapy.addons - INFO - Enabled addons:
[]
2025-03-03 13:52:32,392 - scrapy.extensions.telnet - INFO - Telnet Password: 24ac710e2a614f8e
2025-03-03 13:52:32,397 - scrapy.middleware - INFO - Enabled extensions:
['scrapy.extensions.corestats.CoreStats',
 'scrapy.extensions.telnet.TelnetConsole',
 'scrapy.extensions.memusage.MemoryUsage',
 'scrapy.extensions.feedexport.FeedExporter',
 'scrapy.extensions.logstats.LogStats']
2025-03-03 13:52:32,397 - scrapy.crawler - INFO - Overridden settings:
{'LOG_ENABLED': False, 'SPIDER_LOADER_WARN_ONLY': True}
2025-03-03 13:52:32,440 - scrapy.middleware - INFO - Enabled downloader middlewares:
['scrapy.downloadermiddlewares.offsite.OffsiteMiddleware',
 'scrapy.downloadermiddlewares.httpauth.HttpAuthMiddleware',
 'scrapy.downloadermiddlewares.downloadtimeout.DownloadTimeoutMiddleware',
 'scrapy.downloadermiddlewares.defaultheaders.DefaultHeadersMiddleware',
 'scrapy.downloadermiddlewares.useragent.UserAgentMiddleware',
 'scrapy.downloadermiddlewares.retry.RetryMiddleware',
 'scrapy.downloadermiddlewares.redirect.MetaRefreshMiddleware',
 'scrapy.downloadermiddlewares.httpcompression.HttpCompressionMiddleware',
 'scrapy.downloadermiddlewares.redirect.RedirectMiddleware',
 'scrapy.downloadermiddlewares.cookies.CookiesMiddleware',
 'scrapy.downloadermiddlewares.httpproxy.HttpProxyMiddleware',
 'scrapy.downloadermiddlewares.stats.DownloaderStats']
2025-03-03 13:52:32,441 - scrapy.middleware - INFO - Enabled spider middlewares:
['scrapy.spidermiddlewares.httperror.HttpErrorMiddleware',
 'scrapy.spidermiddlewares.referer.RefererMiddleware',
 'scrapy.spidermiddlewares.urllength.UrlLengthMiddleware',
 'scrapy.spidermiddlewares.depth.DepthMiddleware']
2025-03-03 13:52:32,441 - scrapy.middleware - INFO - Enabled item pipelines:
['TradeSentinel.pipelines.DataCleaningPipeline']
2025-03-03 13:52:32,441 - scrapy.core.engine - INFO - Spider opened
2025-03-03 13:52:32,443 - tradesentinel - INFO - Spider started: tradesentinel
2025-03-03 13:52:32,443 - scrapy.extensions.logstats - INFO - Crawled 0 pages (at 0 pages/min), scraped 0 items (at 0 items/min)
2025-03-03 13:52:32,444 - scrapy.extensions.telnet - INFO - Telnet console listening on 127.0.0.1:6023
2025-03-03 13:52:33,028 - scrapy.spidermiddlewares.httperror - INFO - Ignoring response <404 http://example.com/data>: HTTP status code is not handled or not allowed
2025-03-03 13:52:33,033 - scrapy.core.engine - INFO - Closing spider (finished)
2025-03-03 13:52:33,034 - tradesentinel - INFO - Spider closed: tradesentinel (reason: finished)
2025-03-03 13:52:33,035 - scrapy.extensions.feedexport - INFO - Stored json feed (0 items) in: output.json
2025-03-03 13:52:33,037 - scrapy.statscollectors - INFO - Dumping Scrapy stats:
{'downloader/request_bytes': 216,
 'downloader/request_count': 1,
 'downloader/request_method_count/GET': 1,
 'downloader/response_bytes': 1624,
 'downloader/response_count': 1,
 'downloader/response_status_count/404': 1,
 'elapsed_time_seconds': 0.590708,
 'feedexport/success_count/FileFeedStorage': 1,
 'finish_reason': 'finished',
 'finish_time': datetime.datetime(2025, 3, 3, 18, 52, 33, 34359, tzinfo=datetime.timezone.utc),
 'httperror/response_ignored_count': 1,
 'httperror/response_ignored_status_count/404': 1,
 'items_per_minute': None,
 'log_count/DEBUG': 2,
 'log_count/INFO': 14,
 'memusage/max': 63279104,
 'memusage/startup': 63279104,
 'response_received_count': 1,
 'responses_per_minute': None,
 'scheduler/dequeued': 1,
 'scheduler/dequeued/memory': 1,
 'scheduler/enqueued': 1,
 'scheduler/enqueued/memory': 1,
 'start_time': datetime.datetime(2025, 3, 3, 18, 52, 32, 443651, tzinfo=datetime.timezone.utc)}
2025-03-03 13:52:33,038 - scrapy.core.engine - INFO - Spider closed (finished)
